This file contains any messages produced by compilers while
running configure, to aid debugging if configure makes a mistake.

It was created by GEMBASSY configure 1.0.0, which was
generated by GNU Autoconf 2.61.  Invocation command line was

  $ ./configure --prefix=/Users/kotone/usr/local --no-create --no-recursion

## --------- ##
## Platform. ##
## --------- ##

hostname = pc630177.i.ttck.keio.ac.jp
uname -m = x86_64
uname -r = 10.8.0
uname -s = Darwin
uname -v = Darwin Kernel Version 10.8.0: Tue Jun  7 16:32:41 PDT 2011; root:xnu-1504.15.3~1/RELEASE_X86_64

/usr/bin/uname -p = i386
/bin/uname -X     = unknown

/bin/arch              = unknown
/usr/bin/arch -k       = unknown
/usr/convex/getsysinfo = unknown
/usr/bin/hostinfo      = Mach kernel version:
	 Darwin Kernel Version 10.8.0: Tue Jun  7 16:32:41 PDT 2011; root:xnu-1504.15.3~1/RELEASE_X86_64
Kernel configured for up to 8 processors.
4 processors are physically available.
8 processors are logically available.
Processor type: i486 (Intel 80486)
Processors active: 0 1 2 3 4 5 6 7
Primary memory available: 4.00 gigabytes
Default processor set: 84 tasks, 419 threads, 8 processors
Load average: 1.22, Mach factor: 6.77
/bin/machine           = unknown
/usr/bin/oslevel       = unknown
/bin/universe          = unknown

PATH: /Users/kotone/usr/bin
PATH: /Users/kotone/usr/local/bin
PATH: /usr/bin
PATH: /bin
PATH: /usr/sbin
PATH: /sbin
PATH: /usr/local/bin
PATH: /opt/X11/bin
PATH: /usr/X11/bin


## ----------- ##
## Core tests. ##
## ----------- ##

configure:2021: checking for a BSD-compatible install
configure:2077: result: /usr/bin/install -c
configure:2088: checking whether build environment is sane
configure:2131: result: yes
configure:2159: checking for a thread-safe mkdir -p
configure:2198: result: ./install-sh -c -d
configure:2211: checking for gawk
configure:2241: result: no
configure:2211: checking for mawk
configure:2241: result: no
configure:2211: checking for nawk
configure:2241: result: no
configure:2211: checking for awk
configure:2227: found /usr/bin/awk
configure:2238: result: awk
configure:2249: checking whether make sets $(MAKE)
configure:2270: result: yes
configure:2492: checking build system type
configure:2510: result: i386-apple-darwin10.8.0
configure:2532: checking host system type
configure:2547: result: i386-apple-darwin10.8.0
configure:2581: checking for style of include used by make
configure:2609: result: GNU
configure:2679: checking for gcc
configure:2695: found /usr/bin/gcc
configure:2706: result: gcc
configure:2944: checking for C compiler version
configure:2951: gcc --version >&5
i686-apple-darwin10-gcc-4.2.1 (GCC) 4.2.1 (Apple Inc. build 5666) (dot 3)
Copyright (C) 2007 Free Software Foundation, Inc.
This is free software; see the source for copying conditions.  There is NO
warranty; not even for MERCHANTABILITY or FITNESS FOR A PARTICULAR PURPOSE.

configure:2954: $? = 0
configure:2961: gcc -v >&5
Using built-in specs.
Target: i686-apple-darwin10
Configured with: /var/tmp/gcc/gcc-5666.3~6/src/configure --disable-checking --enable-werror --prefix=/usr --mandir=/share/man --enable-languages=c,objc,c++,obj-c++ --program-transform-name=/^[cg][^.-]*$/s/$/-4.2/ --with-slibdir=/usr/lib --build=i686-apple-darwin10 --program-prefix=i686-apple-darwin10- --host=x86_64-apple-darwin10 --target=i686-apple-darwin10 --with-gxx-include-dir=/include/c++/4.2.1
Thread model: posix
gcc version 4.2.1 (Apple Inc. build 5666) (dot 3)
configure:2964: $? = 0
configure:2971: gcc -V >&5
gcc-4.2: argument to `-V' is missing
configure:2974: $? = 1
configure:2997: checking for C compiler default output file name
configure:3024: gcc     conftest.c  >&5
configure:3027: $? = 0
configure:3065: result: a.out
configure:3082: checking whether the C compiler works
configure:3092: ./a.out
configure:3095: $? = 0
configure:3112: result: yes
configure:3119: checking whether we are cross compiling
configure:3121: result: no
configure:3124: checking for suffix of executables
configure:3131: gcc -o conftest     conftest.c  >&5
configure:3134: $? = 0
configure:3158: result: 
configure:3164: checking for suffix of object files
configure:3190: gcc -c    conftest.c >&5
configure:3193: $? = 0
configure:3216: result: o
configure:3220: checking whether we are using the GNU C compiler
configure:3249: gcc -c    conftest.c >&5
configure:3255: $? = 0
configure:3272: result: yes
configure:3277: checking whether gcc accepts -g
configure:3307: gcc -c -g  conftest.c >&5
configure:3313: $? = 0
configure:3412: result: yes
configure:3429: checking for gcc option to accept ISO C89
configure:3503: gcc  -c    conftest.c >&5
configure:3509: $? = 0
configure:3532: result: none needed
configure:3552: checking dependency style of gcc
configure:3643: result: gcc3
configure:3658: checking for a sed that does not truncate output
configure:3737: result: /usr/bin/sed
configure:3755: checking for grep that handles long lines and -e
configure:3829: result: /usr/bin/grep
configure:3834: checking for egrep
configure:3912: result: /usr/bin/grep -E
configure:3917: checking for fgrep
configure:3995: result: /usr/bin/grep -F
configure:4030: checking for ld used by gcc
configure:4097: result: /usr/libexec/gcc/i686-apple-darwin10/4.2.1/ld
configure:4106: checking if the linker (/usr/libexec/gcc/i686-apple-darwin10/4.2.1/ld) is GNU ld
configure:4121: result: no
configure:4133: checking for BSD- or MS-compatible name lister (nm)
configure:4182: result: /usr/bin/nm
configure:4304: checking the name lister (/usr/bin/nm) interface
configure:4311: gcc -c    conftest.c >&5
configure:4314: /usr/bin/nm "conftest.o"
configure:4317: output
0000000000000000 D _some_variable
configure:4324: result: BSD nm
configure:4327: checking whether ln -s works
configure:4331: result: yes
configure:4339: checking the maximum length of command line arguments
configure:4459: result: 196608
configure:4476: checking whether the shell understands some XSI constructs
configure:4486: result: yes
configure:4490: checking whether the shell understands "+="
configure:4496: result: yes
configure:4531: checking for /usr/libexec/gcc/i686-apple-darwin10/4.2.1/ld option to reload object files
configure:4538: result: -r
configure:4565: checking how to recognize dependent libraries
configure:4755: result: pass_all
configure:4815: checking for ar
configure:4831: found /usr/bin/ar
configure:4842: result: ar
configure:4924: checking for strip
configure:4940: found /usr/bin/strip
configure:4951: result: strip
configure:5027: checking for ranlib
configure:5043: found /usr/bin/ranlib
configure:5054: result: ranlib
configure:5148: checking command to parse /usr/bin/nm output from gcc object
configure:5266: gcc -c    conftest.c >&5
configure:5269: $? = 0
configure:5273: /usr/bin/nm conftest.o \| sed -n -e 's/^.*[	 ]\([BCDEGRST][BCDEGRST]*\)[	 ][	 ]*\([_A-Za-z][_A-Za-z0-9]*\)$/\1 \2 \2/p' \> conftest.nm
configure:5276: $? = 0
cannot find nm_test_var in conftest.nm
configure:5266: gcc -c    conftest.c >&5
configure:5269: $? = 0
configure:5273: /usr/bin/nm conftest.o \| sed -n -e 's/^.*[	 ]\([BCDEGRST][BCDEGRST]*\)[	 ][	 ]*_\([_A-Za-z][_A-Za-z0-9]*\)$/\1 _\2 \2/p' \> conftest.nm
configure:5276: $? = 0
configure:5330: gcc -o conftest     conftest.c conftstm.o >&5
configure:5333: $? = 0
configure:5371: result: ok
configure:5661: checking for dsymutil
configure:5677: found /usr/bin/dsymutil
configure:5688: result: dsymutil
configure:5757: checking for nmedit
configure:5773: found /usr/bin/nmedit
configure:5784: result: nmedit
configure:5853: checking for lipo
configure:5869: found /usr/bin/lipo
configure:5880: result: lipo
configure:5949: checking for otool
configure:5965: found /usr/bin/otool
configure:5976: result: otool
configure:6045: checking for otool64
configure:6075: result: no
configure:6124: checking for -single_module linker flag
gcc    -o libconftest.dylib -dynamiclib -Wl,-single_module conftest.c
configure:6151: result: yes
configure:6153: checking for -exported_symbols_list linker flag
configure:6183: gcc -o conftest     -Wl,-exported_symbols_list,conftest.sym conftest.c  >&5
configure:6189: $? = 0
configure:6208: result: yes
configure:6250: checking how to run the C preprocessor
configure:6290: gcc -E  conftest.c
configure:6296: $? = 0
configure:6327: gcc -E  conftest.c
conftest.c:10:28: error: ac_nonexistent.h: No such file or directory
configure:6333: $? = 1
configure: failed program was:
| /* confdefs.h.  */
| #define PACKAGE_NAME "GEMBASSY"
| #define PACKAGE_TARNAME "GEMBASSY"
| #define PACKAGE_VERSION "1.0.0"
| #define PACKAGE_STRING "GEMBASSY 1.0.0"
| #define PACKAGE_BUGREPORT "celery@g-language.org"
| #define PACKAGE "GEMBASSY"
| #define VERSION "1.0.0"
| /* end confdefs.h.  */
| #include <ac_nonexistent.h>
configure:6366: result: gcc -E
configure:6395: gcc -E  conftest.c
configure:6401: $? = 0
configure:6432: gcc -E  conftest.c
conftest.c:10:28: error: ac_nonexistent.h: No such file or directory
configure:6438: $? = 1
configure: failed program was:
| /* confdefs.h.  */
| #define PACKAGE_NAME "GEMBASSY"
| #define PACKAGE_TARNAME "GEMBASSY"
| #define PACKAGE_VERSION "1.0.0"
| #define PACKAGE_STRING "GEMBASSY 1.0.0"
| #define PACKAGE_BUGREPORT "celery@g-language.org"
| #define PACKAGE "GEMBASSY"
| #define VERSION "1.0.0"
| /* end confdefs.h.  */
| #include <ac_nonexistent.h>
configure:6476: checking for ANSI C header files
configure:6506: gcc -c    conftest.c >&5
configure:6512: $? = 0
configure:6611: gcc -o conftest     conftest.c  >&5
configure:6614: $? = 0
configure:6620: ./conftest
configure:6623: $? = 0
configure:6640: result: yes
configure:6664: checking for sys/types.h
configure:6685: gcc -c    conftest.c >&5
configure:6691: $? = 0
configure:6707: result: yes
configure:6664: checking for sys/stat.h
configure:6685: gcc -c    conftest.c >&5
configure:6691: $? = 0
configure:6707: result: yes
configure:6664: checking for stdlib.h
configure:6685: gcc -c    conftest.c >&5
configure:6691: $? = 0
configure:6707: result: yes
configure:6664: checking for string.h
configure:6685: gcc -c    conftest.c >&5
configure:6691: $? = 0
configure:6707: result: yes
configure:6664: checking for memory.h
configure:6685: gcc -c    conftest.c >&5
configure:6691: $? = 0
configure:6707: result: yes
configure:6664: checking for strings.h
configure:6685: gcc -c    conftest.c >&5
configure:6691: $? = 0
configure:6707: result: yes
configure:6664: checking for inttypes.h
configure:6685: gcc -c    conftest.c >&5
configure:6691: $? = 0
configure:6707: result: yes
configure:6664: checking for stdint.h
configure:6685: gcc -c    conftest.c >&5
configure:6691: $? = 0
configure:6707: result: yes
configure:6664: checking for unistd.h
configure:6685: gcc -c    conftest.c >&5
configure:6691: $? = 0
configure:6707: result: yes
configure:6723: checking for dlfcn.h
configure:6744: gcc -c    conftest.c >&5
configure:6750: $? = 0
configure:6766: result: yes
configure:6950: checking for objdir
configure:6965: result: .libs
configure:7257: checking if gcc supports -fno-rtti -fno-exceptions
configure:7275: gcc -c    -fno-rtti -fno-exceptions conftest.c >&5
cc1: warning: command line option "-fno-rtti" is valid for C++/ObjC++ but not for C
configure:7279: $? = 0
configure:7292: result: no
configure:7312: checking for gcc option to produce PIC
configure:7569: result: -fno-common -DPIC
configure:7581: checking if gcc PIC flag -fno-common -DPIC works
configure:7599: gcc -c    -fno-common -DPIC -DPIC conftest.c >&5
configure:7603: $? = 0
configure:7616: result: yes
configure:7640: checking if gcc static flag -static works
configure:7668: result: no
configure:7683: checking if gcc supports -c -o file.o
configure:7704: gcc -c    -o out/conftest2.o conftest.c >&5
configure:7708: $? = 0
configure:7730: result: yes
configure:7738: checking if gcc supports -c -o file.o
configure:7785: result: yes
configure:7818: checking whether the gcc linker (/usr/libexec/gcc/i686-apple-darwin10/4.2.1/ld) supports shared libraries
configure:8872: result: yes
configure:9111: checking dynamic linker characteristics
configure:9790: result: darwin10.8.0 dyld
configure:9892: checking how to hardcode library paths into programs
configure:9917: result: immediate
configure:10730: checking whether stripping libraries is possible
configure:10744: result: yes
configure:10770: checking if libtool supports shared libraries
configure:10772: result: yes
configure:10775: checking whether to build shared libraries
configure:10796: result: yes
configure:10799: checking whether to build static libraries
configure:10803: result: yes
configure:10843: checking for gawk
configure:10870: result: awk
configure:10998: checking for C compiler version
configure:11005: gcc --version >&5
i686-apple-darwin10-gcc-4.2.1 (GCC) 4.2.1 (Apple Inc. build 5666) (dot 3)
Copyright (C) 2007 Free Software Foundation, Inc.
This is free software; see the source for copying conditions.  There is NO
warranty; not even for MERCHANTABILITY or FITNESS FOR A PARTICULAR PURPOSE.

configure:11008: $? = 0
configure:11015: gcc -v >&5
Using built-in specs.
Target: i686-apple-darwin10
Configured with: /var/tmp/gcc/gcc-5666.3~6/src/configure --disable-checking --enable-werror --prefix=/usr --mandir=/share/man --enable-languages=c,objc,c++,obj-c++ --program-transform-name=/^[cg][^.-]*$/s/$/-4.2/ --with-slibdir=/usr/lib --build=i686-apple-darwin10 --program-prefix=i686-apple-darwin10- --host=x86_64-apple-darwin10 --target=i686-apple-darwin10 --with-gxx-include-dir=/include/c++/4.2.1
Thread model: posix
gcc version 4.2.1 (Apple Inc. build 5666) (dot 3)
configure:11018: $? = 0
configure:11025: gcc -V >&5
gcc-4.2: argument to `-V' is missing
configure:11028: $? = 1
configure:11031: checking whether we are using the GNU C compiler
configure:11083: result: yes
configure:11088: checking whether gcc accepts -g
configure:11223: result: yes
configure:11240: checking for gcc option to accept ISO C89
configure:11343: result: none needed
configure:11363: checking dependency style of gcc
configure:11454: result: gcc3
configure:11474: checking how to run the C preprocessor
configure:11590: result: gcc -E
configure:11619: gcc -E  conftest.c
configure:11625: $? = 0
configure:11656: gcc -E  conftest.c
conftest.c:22:28: error: ac_nonexistent.h: No such file or directory
configure:11662: $? = 1
configure: failed program was:
| /* confdefs.h.  */
| #define PACKAGE_NAME "GEMBASSY"
| #define PACKAGE_TARNAME "GEMBASSY"
| #define PACKAGE_VERSION "1.0.0"
| #define PACKAGE_STRING "GEMBASSY 1.0.0"
| #define PACKAGE_BUGREPORT "celery@g-language.org"
| #define PACKAGE "GEMBASSY"
| #define VERSION "1.0.0"
| #define STDC_HEADERS 1
| #define HAVE_SYS_TYPES_H 1
| #define HAVE_SYS_STAT_H 1
| #define HAVE_STDLIB_H 1
| #define HAVE_STRING_H 1
| #define HAVE_MEMORY_H 1
| #define HAVE_STRINGS_H 1
| #define HAVE_INTTYPES_H 1
| #define HAVE_STDINT_H 1
| #define HAVE_UNISTD_H 1
| #define HAVE_DLFCN_H 1
| #define LT_OBJDIR ".libs/"
| /* end confdefs.h.  */
| #include <ac_nonexistent.h>
configure:11699: checking for inline
configure:11725: gcc -c    conftest.c >&5
configure:11731: $? = 0
configure:11749: result: inline
configure:11951: checking whether byte ordering is bigendian
configure:11984: gcc -c   -O1  conftest.c >&5
configure:11990: $? = 0
configure:12022: gcc -c   -O1  conftest.c >&5
conftest.c: In function 'main':
conftest.c:29: error: 'not' undeclared (first use in this function)
conftest.c:29: error: (Each undeclared identifier is reported only once
conftest.c:29: error: for each function it appears in.)
conftest.c:29: error: expected ';' before 'big'
configure:12028: $? = 1
configure: failed program was:
| /* confdefs.h.  */
| #define PACKAGE_NAME "GEMBASSY"
| #define PACKAGE_TARNAME "GEMBASSY"
| #define PACKAGE_VERSION "1.0.0"
| #define PACKAGE_STRING "GEMBASSY 1.0.0"
| #define PACKAGE_BUGREPORT "celery@g-language.org"
| #define PACKAGE "GEMBASSY"
| #define VERSION "1.0.0"
| #define STDC_HEADERS 1
| #define HAVE_SYS_TYPES_H 1
| #define HAVE_SYS_STAT_H 1
| #define HAVE_STDLIB_H 1
| #define HAVE_STRING_H 1
| #define HAVE_MEMORY_H 1
| #define HAVE_STRINGS_H 1
| #define HAVE_INTTYPES_H 1
| #define HAVE_STDINT_H 1
| #define HAVE_UNISTD_H 1
| #define HAVE_DLFCN_H 1
| #define LT_OBJDIR ".libs/"
| /* end confdefs.h.  */
| #include <sys/types.h>
| #include <sys/param.h>
| 
| int
| main ()
| {
| #if BYTE_ORDER != BIG_ENDIAN
|  not big endian
| #endif
| 
|   ;
|   return 0;
| }
configure:12168: result: no
configure:12216: checking for a BSD-compatible install
configure:12272: result: /usr/bin/install -c
configure:12283: checking whether ln -s works
configure:12287: result: yes
configure:12294: checking whether make sets $(MAKE)
configure:12315: result: yes
configure:12337: checking for X
configure:12452: gcc -E  conftest.c
configure:12458: $? = 0
configure:12507: gcc -o conftest   -O1 -I/usr/X11/include -L/usr/X11/lib   conftest.c -lX11  >&5
configure:12513: $? = 0
configure:12572: result: libraries , headers 
configure:12733: gcc -o conftest   -O1 -I/usr/X11/include -L/usr/X11/lib   conftest.c   -lX11 >&5
configure:12739: $? = 0
configure:12896: checking for gethostbyname
configure:12952: gcc -o conftest   -O1 -I/usr/X11/include -L/usr/X11/lib   conftest.c  >&5
configure:12958: $? = 0
configure:12975: result: yes
configure:13120: checking for connect
configure:13176: gcc -o conftest   -O1 -I/usr/X11/include -L/usr/X11/lib   conftest.c  >&5
configure:13182: $? = 0
configure:13199: result: yes
configure:13271: checking for remove
configure:13327: gcc -o conftest   -O1 -I/usr/X11/include -L/usr/X11/lib   conftest.c  >&5
configure:13333: $? = 0
configure:13350: result: yes
configure:13422: checking for shmat
configure:13478: gcc -o conftest   -O1 -I/usr/X11/include -L/usr/X11/lib   conftest.c  >&5
configure:13484: $? = 0
configure:13501: result: yes
configure:13582: checking for IceConnectionNumber in -lICE
configure:13617: gcc -o conftest   -O1 -I/usr/X11/include -L/usr/X11/lib   conftest.c -lICE   >&5
configure:13623: $? = 0
configure:13641: result: yes
configure:13659: checking for dirent.h that defines DIR
configure:13688: gcc -c   -O1 -I/usr/X11/include -L/usr/X11/lib  conftest.c >&5
configure:13694: $? = 0
configure:13710: result: yes
configure:13723: checking for library containing opendir
configure:13764: gcc -o conftest   -O1 -I/usr/X11/include -L/usr/X11/lib   conftest.c  >&5
configure:13770: $? = 0
configure:13798: result: none required
configure:13892: checking for ANSI C header files
configure:14056: result: yes
configure:14072: checking for unistd.h
configure:14078: result: yes
configure:14213: checking for an ANSI C-conforming const
configure:14288: gcc -c   -O1 -I/usr/X11/include -L/usr/X11/lib  conftest.c >&5
configure:14294: $? = 0
configure:14309: result: yes
configure:14319: checking for pid_t
configure:14349: gcc -c   -O1 -I/usr/X11/include -L/usr/X11/lib  conftest.c >&5
configure:14355: $? = 0
configure:14370: result: yes
configure:14382: checking for size_t
configure:14412: gcc -c   -O1 -I/usr/X11/include -L/usr/X11/lib  conftest.c >&5
configure:14418: $? = 0
configure:14433: result: yes
configure:14445: checking whether struct tm is in sys/time.h or time.h
configure:14475: gcc -c   -O1 -I/usr/X11/include -L/usr/X11/lib  conftest.c >&5
configure:14481: $? = 0
configure:14496: result: time.h
configure:14507: checking whether getpgrp requires zero arguments
configure:14534: gcc -c   -O1 -I/usr/X11/include -L/usr/X11/lib  conftest.c >&5
conftest.c: In function 'main':
conftest.c:61: error: too many arguments to function 'getpgrp'
configure:14540: $? = 1
configure: failed program was:
| /* confdefs.h.  */
| #define PACKAGE_NAME "GEMBASSY"
| #define PACKAGE_TARNAME "GEMBASSY"
| #define PACKAGE_VERSION "1.0.0"
| #define PACKAGE_STRING "GEMBASSY 1.0.0"
| #define PACKAGE_BUGREPORT "celery@g-language.org"
| #define PACKAGE "GEMBASSY"
| #define VERSION "1.0.0"
| #define STDC_HEADERS 1
| #define HAVE_SYS_TYPES_H 1
| #define HAVE_SYS_STAT_H 1
| #define HAVE_STDLIB_H 1
| #define HAVE_STRING_H 1
| #define HAVE_MEMORY_H 1
| #define HAVE_STRINGS_H 1
| #define HAVE_INTTYPES_H 1
| #define HAVE_STDINT_H 1
| #define HAVE_UNISTD_H 1
| #define HAVE_DLFCN_H 1
| #define LT_OBJDIR ".libs/"
| #define HAVE_DIRENT_H 1
| #define STDC_HEADERS 1
| #define HAVE_UNISTD_H 1
| /* end confdefs.h.  */
| #include <stdio.h>
| #ifdef HAVE_SYS_TYPES_H
| # include <sys/types.h>
| #endif
| #ifdef HAVE_SYS_STAT_H
| # include <sys/stat.h>
| #endif
| #ifdef STDC_HEADERS
| # include <stdlib.h>
| # include <stddef.h>
| #else
| # ifdef HAVE_STDLIB_H
| #  include <stdlib.h>
| # endif
| #endif
| #ifdef HAVE_STRING_H
| # if !defined STDC_HEADERS && defined HAVE_MEMORY_H
| #  include <memory.h>
| # endif
| # include <string.h>
| #endif
| #ifdef HAVE_STRINGS_H
| # include <strings.h>
| #endif
| #ifdef HAVE_INTTYPES_H
| # include <inttypes.h>
| #endif
| #ifdef HAVE_STDINT_H
| # include <stdint.h>
| #endif
| #ifdef HAVE_UNISTD_H
| # include <unistd.h>
| #endif
| int
| main ()
| {
| getpgrp (0);
|   ;
|   return 0;
| }
configure:14556: result: yes
configure:14570: checking for strftime
configure:14626: gcc -o conftest   -O1 -I/usr/X11/include -L/usr/X11/lib   conftest.c  >&5
conftest.c:49: warning: conflicting types for built-in function 'strftime'
configure:14632: $? = 0
configure:14650: result: yes
configure:14746: checking vfork.h usability
configure:14763: gcc -c   -O1 -I/usr/X11/include -L/usr/X11/lib  conftest.c >&5
conftest.c:60:19: error: vfork.h: No such file or directory
configure:14769: $? = 1
configure: failed program was:
| /* confdefs.h.  */
| #define PACKAGE_NAME "GEMBASSY"
| #define PACKAGE_TARNAME "GEMBASSY"
| #define PACKAGE_VERSION "1.0.0"
| #define PACKAGE_STRING "GEMBASSY 1.0.0"
| #define PACKAGE_BUGREPORT "celery@g-language.org"
| #define PACKAGE "GEMBASSY"
| #define VERSION "1.0.0"
| #define STDC_HEADERS 1
| #define HAVE_SYS_TYPES_H 1
| #define HAVE_SYS_STAT_H 1
| #define HAVE_STDLIB_H 1
| #define HAVE_STRING_H 1
| #define HAVE_MEMORY_H 1
| #define HAVE_STRINGS_H 1
| #define HAVE_INTTYPES_H 1
| #define HAVE_STDINT_H 1
| #define HAVE_UNISTD_H 1
| #define HAVE_DLFCN_H 1
| #define LT_OBJDIR ".libs/"
| #define HAVE_DIRENT_H 1
| #define STDC_HEADERS 1
| #define HAVE_UNISTD_H 1
| #define GETPGRP_VOID 1
| #define HAVE_STRFTIME 1
| /* end confdefs.h.  */
| #include <stdio.h>
| #ifdef HAVE_SYS_TYPES_H
| # include <sys/types.h>
| #endif
| #ifdef HAVE_SYS_STAT_H
| # include <sys/stat.h>
| #endif
| #ifdef STDC_HEADERS
| # include <stdlib.h>
| # include <stddef.h>
| #else
| # ifdef HAVE_STDLIB_H
| #  include <stdlib.h>
| # endif
| #endif
| #ifdef HAVE_STRING_H
| # if !defined STDC_HEADERS && defined HAVE_MEMORY_H
| #  include <memory.h>
| # endif
| # include <string.h>
| #endif
| #ifdef HAVE_STRINGS_H
| # include <strings.h>
| #endif
| #ifdef HAVE_INTTYPES_H
| # include <inttypes.h>
| #endif
| #ifdef HAVE_STDINT_H
| # include <stdint.h>
| #endif
| #ifdef HAVE_UNISTD_H
| # include <unistd.h>
| #endif
| #include <vfork.h>
configure:14783: result: no
configure:14787: checking vfork.h presence
configure:14802: gcc -E  conftest.c
conftest.c:27:19: error: vfork.h: No such file or directory
configure:14808: $? = 1
configure: failed program was:
| /* confdefs.h.  */
| #define PACKAGE_NAME "GEMBASSY"
| #define PACKAGE_TARNAME "GEMBASSY"
| #define PACKAGE_VERSION "1.0.0"
| #define PACKAGE_STRING "GEMBASSY 1.0.0"
| #define PACKAGE_BUGREPORT "celery@g-language.org"
| #define PACKAGE "GEMBASSY"
| #define VERSION "1.0.0"
| #define STDC_HEADERS 1
| #define HAVE_SYS_TYPES_H 1
| #define HAVE_SYS_STAT_H 1
| #define HAVE_STDLIB_H 1
| #define HAVE_STRING_H 1
| #define HAVE_MEMORY_H 1
| #define HAVE_STRINGS_H 1
| #define HAVE_INTTYPES_H 1
| #define HAVE_STDINT_H 1
| #define HAVE_UNISTD_H 1
| #define HAVE_DLFCN_H 1
| #define LT_OBJDIR ".libs/"
| #define HAVE_DIRENT_H 1
| #define STDC_HEADERS 1
| #define HAVE_UNISTD_H 1
| #define GETPGRP_VOID 1
| #define HAVE_STRFTIME 1
| /* end confdefs.h.  */
| #include <vfork.h>
configure:14822: result: no
configure:14855: checking for vfork.h
configure:14863: result: no
configure:14881: checking for fork
configure:14937: gcc -o conftest   -O1 -I/usr/X11/include -L/usr/X11/lib   conftest.c  >&5
conftest.c:50: warning: conflicting types for built-in function 'fork'
configure:14943: $? = 0
configure:14961: result: yes
configure:14881: checking for vfork
configure:14937: gcc -o conftest   -O1 -I/usr/X11/include -L/usr/X11/lib   conftest.c  >&5
configure:14943: $? = 0
configure:14961: result: yes
configure:14972: checking for working fork
configure:15004: gcc -o conftest   -O1 -I/usr/X11/include -L/usr/X11/lib   conftest.c  >&5
configure:15007: $? = 0
configure:15013: ./conftest
configure:15016: $? = 0
configure:15032: result: yes
configure:15053: checking for working vfork
configure:15191: result: yes
configure:15226: checking for vprintf
configure:15282: gcc -o conftest   -O1 -I/usr/X11/include -L/usr/X11/lib   conftest.c  >&5
conftest.c:54: warning: conflicting types for built-in function 'vprintf'
configure:15288: $? = 0
configure:15306: result: yes
configure:15313: checking for _doprnt
configure:15369: gcc -o conftest   -O1 -I/usr/X11/include -L/usr/X11/lib   conftest.c  >&5
Undefined symbols:
  "__doprnt", referenced from:
      _main in ccfLvk1E.o
ld: symbol(s) not found
collect2: ld returned 1 exit status
configure:15375: $? = 1
configure: failed program was:
| /* confdefs.h.  */
| #define PACKAGE_NAME "GEMBASSY"
| #define PACKAGE_TARNAME "GEMBASSY"
| #define PACKAGE_VERSION "1.0.0"
| #define PACKAGE_STRING "GEMBASSY 1.0.0"
| #define PACKAGE_BUGREPORT "celery@g-language.org"
| #define PACKAGE "GEMBASSY"
| #define VERSION "1.0.0"
| #define STDC_HEADERS 1
| #define HAVE_SYS_TYPES_H 1
| #define HAVE_SYS_STAT_H 1
| #define HAVE_STDLIB_H 1
| #define HAVE_STRING_H 1
| #define HAVE_MEMORY_H 1
| #define HAVE_STRINGS_H 1
| #define HAVE_INTTYPES_H 1
| #define HAVE_STDINT_H 1
| #define HAVE_UNISTD_H 1
| #define HAVE_DLFCN_H 1
| #define LT_OBJDIR ".libs/"
| #define HAVE_DIRENT_H 1
| #define STDC_HEADERS 1
| #define HAVE_UNISTD_H 1
| #define GETPGRP_VOID 1
| #define HAVE_STRFTIME 1
| #define HAVE_FORK 1
| #define HAVE_VFORK 1
| #define HAVE_WORKING_VFORK 1
| #define HAVE_WORKING_FORK 1
| #define HAVE_VPRINTF 1
| /* end confdefs.h.  */
| /* Define _doprnt to an innocuous variant, in case <limits.h> declares _doprnt.
|    For example, HP-UX 11i <limits.h> declares gettimeofday.  */
| #define _doprnt innocuous__doprnt
| 
| /* System header to define __stub macros and hopefully few prototypes,
|     which can conflict with char _doprnt (); below.
|     Prefer <limits.h> to <assert.h> if __STDC__ is defined, since
|     <limits.h> exists even on freestanding compilers.  */
| 
| #ifdef __STDC__
| # include <limits.h>
| #else
| # include <assert.h>
| #endif
| 
| #undef _doprnt
| 
| /* Override any GCC internal prototype to avoid an error.
|    Use char because int might match the return type of a GCC
|    builtin and then its argument prototype would still apply.  */
| #ifdef __cplusplus
| extern "C"
| #endif
| char _doprnt ();
| /* The GNU C library defines this for functions which it implements
|     to always fail with ENOSYS.  Some functions are actually named
|     something starting with __ and the normal name is an alias.  */
| #if defined __stub__doprnt || defined __stub____doprnt
| choke me
| #endif
| 
| int
| main ()
| {
| return _doprnt ();
|   ;
|   return 0;
| }
configure:15392: result: no
configure:15415: checking for strdup
configure:15471: gcc -o conftest   -O1 -I/usr/X11/include -L/usr/X11/lib   conftest.c  >&5
conftest.c:55: warning: conflicting types for built-in function 'strdup'
configure:15477: $? = 0
configure:15495: result: yes
configure:15415: checking for strstr
configure:15471: gcc -o conftest   -O1 -I/usr/X11/include -L/usr/X11/lib   conftest.c  >&5
conftest.c:56: warning: conflicting types for built-in function 'strstr'
configure:15477: $? = 0
configure:15495: result: yes
configure:15415: checking for strchr
configure:15471: gcc -o conftest   -O1 -I/usr/X11/include -L/usr/X11/lib   conftest.c  >&5
conftest.c:57: warning: conflicting types for built-in function 'strchr'
configure:15477: $? = 0
configure:15495: result: yes
configure:15415: checking for erand48
configure:15471: gcc -o conftest   -O1 -I/usr/X11/include -L/usr/X11/lib   conftest.c  >&5
configure:15477: $? = 0
configure:15495: result: yes
configure:15415: checking for memmove
configure:15471: gcc -o conftest   -O1 -I/usr/X11/include -L/usr/X11/lib   conftest.c  >&5
conftest.c:59: warning: conflicting types for built-in function 'memmove'
configure:15477: $? = 0
configure:15495: result: yes
configure:15522: checking X11/Xaw/Label.h usability
configure:15539: gcc -c   -O1 -I/usr/X11/include -L/usr/X11/lib  conftest.c >&5
configure:15545: $? = 0
configure:15559: result: yes
configure:15563: checking X11/Xaw/Label.h presence
configure:15578: gcc -E  conftest.c
configure:15584: $? = 0
configure:15598: result: yes
configure:15631: checking for X11/Xaw/Label.h
configure:15638: result: yes
configure:15656: checking for XawInitializeWidgetSet in -lXaw
configure:15691: gcc -o conftest   -O1 -I/usr/X11/include -L/usr/X11/lib   conftest.c -lXaw   >&5
configure:15697: $? = 0
configure:15715: result: yes
configure:15731: checking for XtToolkitInitialize in -lXt
configure:15766: gcc -o conftest   -O1 -I/usr/X11/include -L/usr/X11/lib   conftest.c -lXt  -lXaw  >&5
configure:15772: $? = 0
configure:15790: result: yes
configure:15810: checking for socket in -lc
configure:15845: gcc -o conftest   -O1 -I/usr/X11/include -L/usr/X11/lib   conftest.c -lc   >&5
configure:15851: $? = 0
configure:15869: result: yes
configure:15878: checking for main in -lm
configure:15907: gcc -o conftest   -O1 -I/usr/X11/include -L/usr/X11/lib   conftest.c -lm   >&5
configure:15913: $? = 0
configure:15931: result: yes
configure:16114: checking for large file support
configure:16156: result: done
configure:16188: checking for purify
configure:16201: result: no
configure:16226: checking for cygwin
configure:16236: result: no
configure:16512: creating ./config.status

## ---------------- ##
## Cache variables. ##
## ---------------- ##

ac_cv_build=i386-apple-darwin10.8.0
ac_cv_c_bigendian=no
ac_cv_c_compiler_gnu=yes
ac_cv_c_const=yes
ac_cv_c_inline=inline
ac_cv_env_CC_set=
ac_cv_env_CC_value=
ac_cv_env_CFLAGS_set=
ac_cv_env_CFLAGS_value=
ac_cv_env_CPPFLAGS_set=
ac_cv_env_CPPFLAGS_value=
ac_cv_env_CPP_set=
ac_cv_env_CPP_value=
ac_cv_env_LDFLAGS_set=
ac_cv_env_LDFLAGS_value=
ac_cv_env_LIBS_set=
ac_cv_env_LIBS_value=
ac_cv_env_XMKMF_set=
ac_cv_env_XMKMF_value=
ac_cv_env_build_alias_set=
ac_cv_env_build_alias_value=
ac_cv_env_host_alias_set=
ac_cv_env_host_alias_value=
ac_cv_env_target_alias_set=
ac_cv_env_target_alias_value=
ac_cv_func__doprnt=no
ac_cv_func_connect=yes
ac_cv_func_erand48=yes
ac_cv_func_fork=yes
ac_cv_func_fork_works=yes
ac_cv_func_gethostbyname=yes
ac_cv_func_getpgrp_void=yes
ac_cv_func_memmove=yes
ac_cv_func_remove=yes
ac_cv_func_shmat=yes
ac_cv_func_strchr=yes
ac_cv_func_strdup=yes
ac_cv_func_strftime=yes
ac_cv_func_strstr=yes
ac_cv_func_vfork=yes
ac_cv_func_vfork_works=yes
ac_cv_func_vprintf=yes
ac_cv_have_x='have_x=yes	ac_x_includes='\'''\''	ac_x_libraries='\'''\'''
ac_cv_header_X11_Xaw_Label_h=yes
ac_cv_header_dirent_dirent_h=yes
ac_cv_header_dlfcn_h=yes
ac_cv_header_inttypes_h=yes
ac_cv_header_memory_h=yes
ac_cv_header_stdc=yes
ac_cv_header_stdint_h=yes
ac_cv_header_stdlib_h=yes
ac_cv_header_string_h=yes
ac_cv_header_strings_h=yes
ac_cv_header_sys_stat_h=yes
ac_cv_header_sys_types_h=yes
ac_cv_header_unistd_h=yes
ac_cv_header_vfork_h=no
ac_cv_host=i386-apple-darwin10.8.0
ac_cv_lib_ICE_IceConnectionNumber=yes
ac_cv_lib_Xaw_XawInitializeWidgetSet=yes
ac_cv_lib_Xt_XtToolkitInitialize=yes
ac_cv_lib_c_socket=yes
ac_cv_lib_m_main=yes
ac_cv_objext=o
ac_cv_path_EGREP='/usr/bin/grep -E'
ac_cv_path_FGREP='/usr/bin/grep -F'
ac_cv_path_GREP=/usr/bin/grep
ac_cv_path_SED=/usr/bin/sed
ac_cv_path_install='/usr/bin/install -c'
ac_cv_prog_AWK=awk
ac_cv_prog_CPP='gcc -E'
ac_cv_prog_ac_ct_AR=ar
ac_cv_prog_ac_ct_CC=gcc
ac_cv_prog_ac_ct_DSYMUTIL=dsymutil
ac_cv_prog_ac_ct_LIPO=lipo
ac_cv_prog_ac_ct_NMEDIT=nmedit
ac_cv_prog_ac_ct_OTOOL=otool
ac_cv_prog_ac_ct_RANLIB=ranlib
ac_cv_prog_ac_ct_STRIP=strip
ac_cv_prog_cc_c89=
ac_cv_prog_cc_g=yes
ac_cv_prog_make_make_set=yes
ac_cv_search_opendir='none required'
ac_cv_struct_tm=time.h
ac_cv_type_pid_t=yes
ac_cv_type_size_t=yes
am_cv_CC_dependencies_compiler_type=gcc3
lt_cv_apple_cc_single_mod=yes
lt_cv_deplibs_check_method=pass_all
lt_cv_file_magic_cmd='$MAGIC_CMD'
lt_cv_file_magic_test_file=
lt_cv_ld_exported_symbols_list=yes
lt_cv_ld_reload_flag=-r
lt_cv_nm_interface='BSD nm'
lt_cv_objdir=.libs
lt_cv_path_LD=/usr/libexec/gcc/i686-apple-darwin10/4.2.1/ld
lt_cv_path_NM=/usr/bin/nm
lt_cv_prog_compiler_c_o=yes
lt_cv_prog_compiler_pic_works=yes
lt_cv_prog_compiler_rtti_exceptions=no
lt_cv_prog_compiler_static_works=no
lt_cv_prog_gnu_ld=no
lt_cv_sys_global_symbol_pipe='sed -n -e '\''s/^.*[	 ]\([BCDEGRST][BCDEGRST]*\)[	 ][	 ]*_\([_A-Za-z][_A-Za-z0-9]*\)$/\1 _\2 \2/p'\'''
lt_cv_sys_global_symbol_to_c_name_address='sed -n -e '\''s/^: \([^ ]*\) $/  {\"\1\", (void *) 0},/p'\'' -e '\''s/^[BCDEGRST]* \([^ ]*\) \([^ ]*\)$/  {"\2", (void *) \&\2},/p'\'''
lt_cv_sys_global_symbol_to_c_name_address_lib_prefix='sed -n -e '\''s/^: \([^ ]*\) $/  {\"\1\", (void *) 0},/p'\'' -e '\''s/^[BCDEGRST]* \([^ ]*\) \(lib[^ ]*\)$/  {"\2", (void *) \&\2},/p'\'' -e '\''s/^[BCDEGRST]* \([^ ]*\) \([^ ]*\)$/  {"lib\2", (void *) \&\2},/p'\'''
lt_cv_sys_global_symbol_to_cdecl='sed -n -e '\''s/^T .* \(.*\)$/extern int \1();/p'\'' -e '\''s/^[BCDEGRST]* .* \(.*\)$/extern char \1;/p'\'''
lt_cv_sys_max_cmd_len=196608

## ----------------- ##
## Output variables. ##
## ----------------- ##

ACLOCAL='${SHELL} /Users/kotone/emboss/embassy/GEMBASSY-1.0.0/missing --run aclocal-1.10'
AMDEPBACKSLASH='\'
AMDEP_FALSE='#'
AMDEP_TRUE=''
AMPDF_FALSE=''
AMPDF_TRUE='#'
AMPNG_FALSE=''
AMPNG_TRUE='#'
AMTAR='${SHELL} /Users/kotone/emboss/embassy/GEMBASSY-1.0.0/missing --run tar'
AR='ar'
AUTOCONF='${SHELL} /Users/kotone/emboss/embassy/GEMBASSY-1.0.0/missing --run autoconf'
AUTOHEADER='${SHELL} /Users/kotone/emboss/embassy/GEMBASSY-1.0.0/missing --run autoheader'
AUTOMAKE='${SHELL} /Users/kotone/emboss/embassy/GEMBASSY-1.0.0/missing --run automake-1.10'
AWK='awk'
CC='gcc'
CCDEPMODE='depmode=gcc3'
CFLAGS='  -O1 -I/usr/X11/include -L/usr/X11/lib'
CPP='gcc -E'
CPPFLAGS='-DAJ_MACOSXLF '
CYGPATH_W='echo'
DEFS='-DHAVE_CONFIG_H'
DEPDIR='.deps'
DSYMUTIL='dsymutil'
DUMPBIN=''
ECHO_C='ECHO_N=''
ECHO_T=''
EGREP='/usr/bin/grep -E'
ESYSTEMLIBS=''
ESYSTEMLIBS_FALSE=''
ESYSTEMLIBS_TRUE='#'
EXEEXT=''
FGREP='/usr/bin/grep -F'
GREP='/usr/bin/grep'
HAVE_MEMMOVE=''
HAVE_STRERROR=''
INSTALL_DATA='${INSTALL} -m 644'
INSTALL_PROGRAM='${INSTALL}'
INSTALL_SCRIPT='${INSTALL}'
INSTALL_STRIP_PROGRAM='$(install_sh) -c -s'
ISAIXIA64=''
ISAIXIA64_FALSE=''
ISAIXIA64_TRUE='#'
ISCYGWIN=''
ISCYGWIN_FALSE=''
ISCYGWIN_TRUE='#'
ISSHARED_FALSE='#'
ISSHARED_TRUE=''
LD='/usr/libexec/gcc/i686-apple-darwin10/4.2.1/ld'
LDFLAGS=''
LIBOBJS=''
LIBS='-lm '
LIBTOOL='$(SHELL) $(top_builddir)/libtool'
LIPO='lipo'
LN_S='ln -s'
LOCALLINK_FALSE=''
LOCALLINK_TRUE='#'
LTLIBOBJS=''
MAKEINFO='${SHELL} /Users/kotone/emboss/embassy/GEMBASSY-1.0.0/missing --run makeinfo'
NEEDAJAX=''
NEEDAJAX_FALSE=''
NEEDAJAX_TRUE='#'
NM='/usr/bin/nm'
NMEDIT='nmedit'
OBJEXT='o'
OTOOL64=':'
OTOOL='otool'
PACKAGE='GEMBASSY'
PACKAGE_BUGREPORT='celery@g-language.org'
PACKAGE_NAME='GEMBASSY'
PACKAGE_STRING='GEMBASSY 1.0.0'
PACKAGE_TARNAME='GEMBASSY'
PACKAGE_VERSION='1.0.0'
PATH_SEPARATOR=':'
PCRE_DATE='21-May-2003'
PCRE_LIB_VERSION='0:1:0'
PCRE_MAJOR='4'
PCRE_MINOR='3'
PCRE_POSIXLIB_VERSION='0:0:0'
PCRE_VERSION='4.3'
POSIX_MALLOC_THRESHOLD='-DPOSIX_MALLOC_THRESHOLD=10'
PURIFY_FALSE=''
PURIFY_TRUE='#'
RANLIB='ranlib'
SED='/usr/bin/sed'
SET_MAKE=''
SHELL='/bin/sh'
STRIP='strip'
VERSION='1.0.0'
XLIB=' -lXaw -lXt'
XMKMF=''
X_CFLAGS=''
X_EXTRA_LIBS=''
X_LIBS=''
X_PRE_LIBS=' -lSM -lICE'
ac_ct_CC='gcc'
ac_ct_DUMPBIN=''
am__fastdepCC_FALSE='#'
am__fastdepCC_TRUE=''
am__include='include'
am__isrc=''
am__leading_dot='.'
am__quote=''
am__tar='${AMTAR} chof - "$$tardir"'
am__untar='${AMTAR} xf -'
bindir='${exec_prefix}/bin'
build='i386-apple-darwin10.8.0'
build_alias=''
build_cpu='i386'
build_os='darwin10.8.0'
build_vendor='apple'
datadir='${datarootdir}'
datarootdir='${prefix}/share'
docdir='${datarootdir}/doc/${PACKAGE_TARNAME}'
dvidir='${docdir}'
embprefix='/Users/kotone/usr/local'
exec_prefix='${prefix}'
host='i386-apple-darwin10.8.0'
host_alias=''
host_cpu='i386'
host_os='darwin10.8.0'
host_vendor='apple'
htmldir='${docdir}'
includedir='${prefix}/include'
infodir='${datarootdir}/info'
install_sh='$(SHELL) /Users/kotone/emboss/embassy/GEMBASSY-1.0.0/install-sh'
libdir='${exec_prefix}/lib'
libexecdir='${exec_prefix}/libexec'
localedir='${datarootdir}/locale'
localstatedir='${prefix}/var'
lt_ECHO='/bin/echo'
mandir='${datarootdir}/man'
mkdir_p='$(top_builddir)/./install-sh -c -d'
oldincludedir='/usr/include'
pdfdir='${docdir}'
prefix='/Users/kotone/usr/local'
program_transform_name='s,x,x,'
psdir='${docdir}'
sbindir='${exec_prefix}/sbin'
sharedstatedir='${prefix}/com'
sysconfdir='${prefix}/etc'
target_alias=''

## ----------- ##
## confdefs.h. ##
## ----------- ##

#define PACKAGE_NAME "GEMBASSY"
#define PACKAGE_TARNAME "GEMBASSY"
#define PACKAGE_VERSION "1.0.0"
#define PACKAGE_STRING "GEMBASSY 1.0.0"
#define PACKAGE_BUGREPORT "celery@g-language.org"
#define PACKAGE "GEMBASSY"
#define VERSION "1.0.0"
#define STDC_HEADERS 1
#define HAVE_SYS_TYPES_H 1
#define HAVE_SYS_STAT_H 1
#define HAVE_STDLIB_H 1
#define HAVE_STRING_H 1
#define HAVE_MEMORY_H 1
#define HAVE_STRINGS_H 1
#define HAVE_INTTYPES_H 1
#define HAVE_STDINT_H 1
#define HAVE_UNISTD_H 1
#define HAVE_DLFCN_H 1
#define LT_OBJDIR ".libs/"
#define HAVE_DIRENT_H 1
#define STDC_HEADERS 1
#define HAVE_UNISTD_H 1
#define GETPGRP_VOID 1
#define HAVE_STRFTIME 1
#define HAVE_FORK 1
#define HAVE_VFORK 1
#define HAVE_WORKING_VFORK 1
#define HAVE_WORKING_FORK 1
#define HAVE_VPRINTF 1
#define HAVE_STRDUP 1
#define HAVE_STRSTR 1
#define HAVE_STRCHR 1
#define HAVE_ERAND48 1
#define HAVE_MEMMOVE 1
#define HAVE_LIBM 1

configure: exit 0

## ---------------------- ##
## Running config.status. ##
## ---------------------- ##

This file was extended by GEMBASSY config.status 1.0.0, which was
generated by GNU Autoconf 2.61.  Invocation command line was

  CONFIG_FILES    = 
  CONFIG_HEADERS  = 
  CONFIG_LINKS    = 
  CONFIG_COMMANDS = 
  $ ./config.status 

on pc630177.i.ttck.keio.ac.jp

config.status:886: creating Makefile
config.status:886: creating src/Makefile
config.status:886: creating acd/Makefile
config.status:886: creating doc/Makefile
config.status:886: creating doc/html/Makefile
config.status:886: creating doc/text/Makefile
config.status:886: creating src/config.h
config.status:1176: executing depfiles commands
config.status:1176: executing libtool commands
